Log file open, 11/19/19 23:52:33
LogWindows: Failed to load 'aqProf.dll' (GetLastError=126)
LogWindows: File 'aqProf.dll' does not exist
LogWindows: Failed to load 'VtuneApi.dll' (GetLastError=126)
LogWindows: File 'VtuneApi.dll' does not exist
LogWindows: Failed to load 'VtuneApi32e.dll' (GetLastError=126)
LogWindows: File 'VtuneApi32e.dll' does not exist
LogConsoleResponse: Display: Failed to find resolution value strings in scalability ini. Falling back to default.
LogInit: Display: Running engine for game: HSG
LogPlatformFile: Not using cached read wrapper
LogTaskGraph: Started task graph with 5 named threads and 11 total threads with 3 sets of task threads.
LogStats: Stats thread started at 1.184083
LogD3D11RHI: Loaded GFSDK_Aftermath_Lib.x64.dll
LogICUInternationalization: ICU TimeZone Detection - Raw Offset: +1:00, Platform Override: ''
LogPluginManager: Mounting plugin Paper2D
LogPluginManager: Mounting plugin AISupport
LogPluginManager: Mounting plugin LightPropagationVolume
LogPluginManager: Mounting plugin ActorLayerUtilities
LogPluginManager: Mounting plugin AnimationSharing
LogPluginManager: Mounting plugin CLionSourceCodeAccess
LogPluginManager: Mounting plugin CodeLiteSourceCodeAccess
LogPluginManager: Mounting plugin GitSourceControl
LogPluginManager: Mounting plugin KDevelopSourceCodeAccess
LogPluginManager: Mounting plugin NullSourceCodeAccess
LogPluginManager: Mounting plugin PerforceSourceControl
LogPluginManager: Mounting plugin SubversionSourceControl
LogPluginManager: Mounting plugin UObjectPlugin
LogPluginManager: Mounting plugin VisualStudioCodeSourceCodeAccess
LogPluginManager: Mounting plugin VisualStudioSourceCodeAccess
LogPluginManager: Mounting plugin XCodeSourceCodeAccess
LogPluginManager: Mounting plugin AssetManagerEditor
LogPluginManager: Mounting plugin CryptoKeys
LogPluginManager: Mounting plugin CurveEditorTools
LogPluginManager: Mounting plugin DataValidation
LogPluginManager: Mounting plugin FacialAnimation
LogPluginManager: Mounting plugin GameplayTagsEditor
LogPluginManager: Mounting plugin MacGraphicsSwitching
LogPluginManager: Mounting plugin MaterialAnalyzer
LogPluginManager: Mounting plugin MobileLauncherProfileWizard
LogPluginManager: Mounting plugin PluginBrowser
LogPluginManager: Mounting plugin SpeedTreeImporter
LogPluginManager: Mounting plugin DatasmithContent
LogPluginManager: Mounting plugin VariantManagerContent
LogPluginManager: Mounting plugin AlembicImporter
LogPluginManager: Mounting plugin AutomationUtils
LogPluginManager: Mounting plugin BackChannel
LogPluginManager: Mounting plugin CharacterAI
LogPluginManager: Mounting plugin GeometryCache
LogPluginManager: Mounting plugin HTML5Networking
LogPluginManager: Mounting plugin PlatformCrypto
LogPluginManager: Mounting plugin ProxyLODPlugin
LogPluginManager: Mounting plugin SkeletalReduction
LogPluginManager: Mounting plugin MagicLeap
LogPluginManager: Mounting plugin MagicLeapMedia
LogPluginManager: Mounting plugin AndroidMedia
LogPluginManager: Mounting plugin AvfMedia
LogPluginManager: Mounting plugin ImgMedia
LogPluginManager: Mounting plugin MediaCompositing
LogPluginManager: Mounting plugin MediaPlayerEditor
LogPluginManager: Mounting plugin WebMMedia
LogPluginManager: Mounting plugin WmfMedia
LogPluginManager: Mounting plugin TcpMessaging
LogPluginManager: Mounting plugin UdpMessaging
LogPluginManager: Mounting plugin ActorSequence
LogPluginManager: Mounting plugin LevelSequenceEditor
LogPluginManager: Mounting plugin MatineeToLevelSequence
LogPluginManager: Mounting plugin NetcodeUnitTest
LogPluginManager: Mounting plugin NUTUnrealEngine4
LogPluginManager: Mounting plugin OnlineSubsystemGooglePlay
LogPluginManager: Mounting plugin OnlineSubsystemIOS
LogPluginManager: Mounting plugin OnlineSubsystem
LogPluginManager: Mounting plugin OnlineSubsystemNull
LogPluginManager: Mounting plugin OnlineSubsystemUtils
LogPluginManager: Mounting plugin LauncherChunkInstaller
LogPluginManager: Mounting plugin AndroidDeviceProfileSelector
LogPluginManager: Mounting plugin AndroidMoviePlayer
LogPluginManager: Mounting plugin AndroidPermission
LogPluginManager: Mounting plugin AppleImageUtils
LogPluginManager: Mounting plugin AppleMoviePlayer
LogPluginManager: Mounting plugin ArchVisCharacter
LogPluginManager: Mounting plugin AudioCapture
LogPluginManager: Mounting plugin CableComponent
LogPluginManager: Mounting plugin CustomMeshComponent
LogPluginManager: Mounting plugin EditableMesh
LogPluginManager: Mounting plugin ExampleDeviceProfileSelector
LogPluginManager: Mounting plugin GoogleCloudMessaging
LogPluginManager: Mounting plugin IOSDeviceProfileSelector
LogPluginManager: Mounting plugin LinuxDeviceProfileSelector
LogPluginManager: Mounting plugin LocationServicesBPLibrary
LogPluginManager: Mounting plugin MobilePatchingUtils
LogPluginManager: Mounting plugin OculusVR
LogPluginManager: Mounting plugin PhysXVehicles
LogPluginManager: Mounting plugin ProceduralMeshComponent
LogPluginManager: Mounting plugin RuntimePhysXCooking
LogPluginManager: Mounting plugin SignificanceManager
LogPluginManager: Mounting plugin SteamVR
LogPluginManager: Mounting plugin WebMMoviePlayer
LogPluginManager: Mounting plugin WindowsMoviePlayer
LogPluginManager: Mounting plugin ScreenshotTools
LogInit: Using libcurl 7.55.1-DEV
LogInit:  - built for x86_64-pc-win32
LogInit:  - supports SSL with OpenSSL/1.1.1
LogInit:  - supports HTTP deflate (compression) using libz 1.2.8
LogInit:  - other features:
LogInit:      CURL_VERSION_SSL
LogInit:      CURL_VERSION_LIBZ
LogInit:      CURL_VERSION_IPV6
LogInit:      CURL_VERSION_ASYNCHDNS
LogInit:      CURL_VERSION_LARGEFILE
LogInit:      CURL_VERSION_IDN
LogInit:  CurlRequestOptions (configurable via config and command line):
LogInit:  - bVerifyPeer = true  - Libcurl will verify peer certificate
LogInit:  - bUseHttpProxy = false  - Libcurl will NOT use HTTP proxy
LogInit:  - bDontReuseConnections = false  - Libcurl will reuse connections
LogInit:  - MaxHostConnections = 16  - Libcurl will limit the number of connections to a host
LogInit:  - LocalHostAddr = Default
LogInit:  - BufferSize = 65536
LogOnline: OSS: Creating online subsystem instance for: NULL
LogInit: WinSock: version 1.1 (2.2), MaxSocks=32767, MaxUdp=65467
LogInit: Build: ++UE4+Release-4.23-CL-9631420
LogInit: Engine Version: 4.23.1-9631420+++UE4+Release-4.23
LogInit: Compatible Engine Version: 4.23.0-8386587+++UE4+Release-4.23
LogInit: Net CL: 8386587
LogInit: OS: Windows 10 (Release 1903) (), CPU: Intel(R) Core(TM) m3-7Y30 CPU @ 1.00GHz, GPU: Intel(R) HD Graphics 615
LogInit: Compiled (64-bit): Oct 18 2019 02:07:44
LogInit: Compiled with Visual C++: 19.16.27030.01
LogInit: Build Configuration: Development
LogInit: Branch Name: ++UE4+Release-4.23
LogInit: Command Line: 
LogInit: Base Directory: C:/Program Files/Epic Games/UE_4.23/Engine/Binaries/Win64/
LogInit: Installed Engine Build: 1
LogDevObjectVersion: Number of dev versions registered: 23
LogDevObjectVersion:   Dev-Blueprints (B0D832E4-1F89-4F0D-ACCF-7EB736FD4AA2): 10
LogDevObjectVersion:   Dev-Build (E1C64328-A22C-4D53-A36C-8E866417BD8C): 0
LogDevObjectVersion:   Dev-Core (375EC13C-06E4-48FB-B500-84F0262A717E): 3
LogDevObjectVersion:   Dev-Editor (E4B068ED-F494-42E9-A231-DA0B2E46BB41): 34
LogDevObjectVersion:   Dev-Framework (CFFC743F-43B0-4480-9391-14DF171D2073): 35
LogDevObjectVersion:   Dev-Mobile (B02B49B5-BB20-44E9-A304-32B752E40360): 2
LogDevObjectVersion:   Dev-Networking (A4E4105C-59A1-49B5-A7C5-40C4547EDFEE): 0
LogDevObjectVersion:   Dev-Online (39C831C9-5AE6-47DC-9A44-9C173E1C8E7C): 0
LogDevObjectVersion:   Dev-Physics (78F01B33-EBEA-4F98-B9B4-84EACCB95AA2): 0
LogDevObjectVersion:   Dev-Platform (6631380F-2D4D-43E0-8009-CF276956A95A): 0
LogDevObjectVersion:   Dev-Rendering (12F88B9F-8875-4AFC-A67C-D90C383ABD29): 31
LogDevObjectVersion:   Dev-Sequencer (7B5AE74C-D270-4C10-A958-57980B212A5A): 11
LogDevObjectVersion:   Dev-VR (D7296918-1DD6-4BDD-9DE2-64A83CC13884): 2
LogDevObjectVersion:   Dev-LoadTimes (C2A15278-BFE7-4AFE-6C17-90FF531DF755): 1
LogDevObjectVersion:   Private-Geometry (6EACA3D4-40EC-4CC1-B786-8BED09428FC5): 3
LogDevObjectVersion:   Dev-AnimPhys (29E575DD-E0A3-4627-9D10-D276232CDCEA): 17
LogDevObjectVersion:   Dev-Anim (AF43A65D-7FD3-4947-9873-3E8ED9C1BB05): 2
LogDevObjectVersion:   Dev-ReflectionCapture (6B266CEC-1EC7-4B8F-A30B-E4D90942FC07): 1
LogDevObjectVersion:   Dev-Automation (0DF73D61-A23F-47EA-B727-89E90C41499A): 1
LogDevObjectVersion:   FortniteMain (601D1886-AC64-4F84-AA16-D3DE0DEAC7D6): 27
LogDevObjectVersion:   Dev-Enterprise (9DFFBCD6-494F-0158-E221-12823C92A888): 6
LogDevObjectVersion:   Dev-Niagara (F2AED0AC-9AFE-416F-8664-AA7FFA26D6FC): 1
LogDevObjectVersion:   Dev-Destruction (174F1F0B-B4C6-45A5-B13F-2EE8D0FB917D): 9
LogInit: Presizing for max 16777216 objects, including 0 objects not considered by GC, pre-allocating 0 bytes for permanent pool.
LogInit: Object subsystem initialized
LogConfig: Setting CVar [[con.DebugEarlyDefault:1]]
LogConfig: Setting CVar [[r.setres:1280x720]]
[2019.11.19-22.52.34:232][  0]LogConfig: Setting CVar [[r.VSync:0]]
[2019.11.19-22.52.34:232][  0]LogConfig: Setting CVar [[r.RHICmdBypass:0]]
[2019.11.19-22.52.34:232][  0]LogConfig: Applying CVar settings from Section [/Script/Engine.RendererSettings] File [C:/Users/luisc/Desktop/Extensions/HSG-Tool/HSG/Saved/Config/Windows/Engine.ini]
[2019.11.19-22.52.34:232][  0]LogConfig: Setting CVar [[r.GPUCrashDebugging:0]]
[2019.11.19-22.52.34:232][  0]LogConfig: Setting CVar [[r.MobileHDR:1]]
[2019.11.19-22.52.34:232][  0]LogConfig: Setting CVar [[r.Mobile.DisableVertexFog:1]]
[2019.11.19-22.52.34:232][  0]LogConfig: Setting CVar [[r.Shadow.CSM.MaxMobileCascades:2]]
[2019.11.19-22.52.34:232][  0]LogConfig: Setting CVar [[r.MobileMSAA:1]]
[2019.11.19-22.52.34:232][  0]LogConfig: Setting CVar [[r.Mobile.UseLegacyShadingModel:0]]
[2019.11.19-22.52.34:232][  0]LogConfig: Setting CVar [[r.Mobile.UseHWsRGBEncoding:0]]
[2019.11.19-22.52.34:232][  0]LogConfig: Setting CVar [[r.Mobile.AllowDitheredLODTransition:0]]
[2019.11.19-22.52.34:232][  0]LogConfig: Setting CVar [[r.Mobile.AllowSoftwareOcclusion:0]]
[2019.11.19-22.52.34:232][  0]LogConfig: Setting CVar [[r.DiscardUnusedQuality:0]]
[2019.11.19-22.52.34:232][  0]LogConfig: Setting CVar [[r.AllowOcclusionQueries:1]]
[2019.11.19-22.52.34:232][  0]LogConfig: Setting CVar [[r.MinScreenRadiusForLights:0.030000]]
[2019.11.19-22.52.34:232][  0]LogConfig: Setting CVar [[r.MinScreenRadiusForDepthPrepass:0.030000]]
[2019.11.19-22.52.34:232][  0]LogConfig: Setting CVar [[r.MinScreenRadiusForCSMDepth:0.010000]]
[2019.11.19-22.52.34:232][  0]LogConfig: Setting CVar [[r.PrecomputedVisibilityWarning:0]]
[2019.11.19-22.52.34:232][  0]LogConfig: Setting CVar [[r.TextureStreaming:1]]
[2019.11.19-22.52.34:232][  0]LogConfig: Setting CVar [[Compat.UseDXT5NormalMaps:0]]
[2019.11.19-22.52.34:232][  0]LogConfig: Setting CVar [[r.VirtualTextures:0]]
[2019.11.19-22.52.34:232][  0]LogConfig: Setting CVar [[r.VirtualTexturedLightmaps:0]]
[2019.11.19-22.52.34:232][  0]LogConfig: Setting CVar [[r.VT.TileSize:128]]
[2019.11.19-22.52.34:232][  0]LogConfig: Setting CVar [[r.VT.TileBorderSize:4]]
[2019.11.19-22.52.34:232][  0]LogConfig: Setting CVar [[r.vt.FeedbackFactor:16]]
[2019.11.19-22.52.34:232][  0]LogConfig: Setting CVar [[r.VT.EnableCompressZlib:1]]
[2019.11.19-22.52.34:232][  0]LogConfig: Setting CVar [[r.VT.EnableCompressCrunch:0]]
[2019.11.19-22.52.34:232][  0]LogConfig: Setting CVar [[r.ClearCoatNormal:0]]
[2019.11.19-22.52.34:232][  0]LogConfig: Setting CVar [[r.ReflectionCaptureResolution:128]]
[2019.11.19-22.52.34:232][  0]LogConfig: Setting CVar [[r.ReflectionEnvironmentLightmapMixBasedOnRoughness:1]]
[2019.11.19-22.52.34:232][  0]LogConfig: Setting CVar [[r.ForwardShading:0]]
[2019.11.19-22.52.34:232][  0]LogConfig: Setting CVar [[r.VertexFoggingForOpaque:1]]
[2019.11.19-22.52.34:232][  0]LogConfig: Setting CVar [[r.AllowStaticLighting:1]]
[2019.11.19-22.52.34:232][  0]LogConfig: Setting CVar [[r.NormalMapsForStaticLighting:0]]
[2019.11.19-22.52.34:232][  0]LogConfig: Setting CVar [[r.GenerateMeshDistanceFields:0]]
[2019.11.19-22.52.34:232][  0]LogConfig: Setting CVar [[r.DistanceFieldBuild.EightBit:0]]
[2019.11.19-22.52.34:232][  0]LogConfig: Setting CVar [[r.GenerateLandscapeGIData:0]]
[2019.11.19-22.52.34:232][  0]LogConfig: Setting CVar [[r.DistanceFieldBuild.Compress:0]]
[2019.11.19-22.52.34:232][  0]LogConfig: Setting CVar [[r.TessellationAdaptivePixelsPerTriangle:48.000000]]
[2019.11.19-22.52.34:232][  0]LogConfig: Setting CVar [[r.SeparateTranslucency:0]]
[2019.11.19-22.52.34:232][  0]LogConfig: Setting CVar [[r.TranslucentSortPolicy:0]]
[2019.11.19-22.52.34:232][  0]LogConfig: Setting CVar [[r.CustomDepth:1]]
[2019.11.19-22.52.34:232][  0]LogConfig: Setting CVar [[r.CustomDepthTemporalAAJitter:1]]
[2019.11.19-22.52.34:232][  0]LogConfig: Setting CVar [[r.PostProcessing.PropagateAlpha:0]]
[2019.11.19-22.52.34:232][  0]LogConfig: Setting CVar [[r.DefaultFeature.Bloom:1]]
[2019.11.19-22.52.34:232][  0]LogConfig: Setting CVar [[r.DefaultFeature.AmbientOcclusion:0]]
[2019.11.19-22.52.34:232][  0]LogConfig: Setting CVar [[r.DefaultFeature.AmbientOcclusionStaticFraction:1]]
[2019.11.19-22.52.34:232][  0]LogConfig: Setting CVar [[r.DefaultFeature.AutoExposure:0]]
[2019.11.19-22.52.34:232][  0]LogConfig: Setting CVar [[r.DefaultFeature.AutoExposure.Method:0]]
[2019.11.19-22.52.34:232][  0]LogConfig: Setting CVar [[r.DefaultFeature.AutoExposure.ExtendDefaultLuminanceRange:1]]
[2019.11.19-22.52.34:232][  0]LogConfig: Setting CVar [[r.UsePreExposure:1]]
[2019.11.19-22.52.34:232][  0]LogConfig: Setting CVar [[r.EyeAdaptation.EditorOnly:1]]
[2019.11.19-22.52.34:232][  0]LogConfig: Setting CVar [[r.DefaultFeature.MotionBlur:0]]
[2019.11.19-22.52.34:232][  0]LogConfig: Setting CVar [[r.DefaultFeature.LensFlare:0]]
[2019.11.19-22.52.34:232][  0]LogConfig: Setting CVar [[r.TemporalAA.Upsampling:0]]
[2019.11.19-22.52.34:232][  0]LogConfig: Setting CVar [[r.DefaultFeature.AntiAliasing:0]]
[2019.11.19-22.52.34:232][  0]LogConfig: Setting CVar [[r.DefaultFeature.LightUnits:1]]
[2019.11.19-22.52.34:232][  0]LogConfig: Setting CVar [[r.DefaultBackBufferPixelFormat:4]]
[2019.11.19-22.52.34:232][  0]LogConfig: Setting CVar [[r.Shadow.UnbuiltPreviewInGame:1]]
[2019.11.19-22.52.34:232][  0]LogConfig: Setting CVar [[r.StencilForLODDither:0]]
[2019.11.19-22.52.34:232][  0]LogConfig: Setting CVar [[r.EarlyZPass:3]]
[2019.11.19-22.52.34:232][  0]LogConfig: Setting CVar [[r.EarlyZPassOnlyMaterialMasking:0]]
[2019.11.19-22.52.34:232][  0]LogConfig: Setting CVar [[r.DBuffer:1]]
[2019.11.19-22.52.34:232][  0]LogConfig: Setting CVar [[r.ClearSceneMethod:1]]
[2019.11.19-22.52.34:232][  0]LogConfig: Setting CVar [[r.BasePassOutputsVelocity:0]]
[2019.11.19-22.52.34:232][  0]LogConfig: Setting CVar [[r.SelectiveBasePassOutputs:0]]
[2019.11.19-22.52.34:232][  0]LogConfig: Setting CVar [[fx.GPUSimulationTextureSizeX:1024]]
[2019.11.19-22.52.34:232][  0]LogConfig: Setting CVar [[fx.GPUSimulationTextureSizeY:1024]]
[2019.11.19-22.52.34:232][  0]LogConfig: Setting CVar [[r.AllowGlobalClipPlane:0]]
[2019.11.19-22.52.34:232][  0]LogConfig: Setting CVar [[r.GBufferFormat:1]]
[2019.11.19-22.52.34:232][  0]LogConfig: Setting CVar [[r.MorphTarget.Mode:1]]
[2019.11.19-22.52.34:232][  0]LogConfig: Setting CVar [[vr.InstancedStereo:0]]
[2019.11.19-22.52.34:232][  0]LogConfig: Setting CVar [[vr.MultiView:0]]
[2019.11.19-22.52.34:232][  0]LogConfig: Setting CVar [[vr.MobileMultiView:0]]
[2019.11.19-22.52.34:232][  0]LogConfig: Setting CVar [[vr.MobileMultiView.Direct:0]]
[2019.11.19-22.52.34:232][  0]LogConfig: Setting CVar [[vr.RoundRobinOcclusion:0]]
[2019.11.19-22.52.34:232][  0]LogConfig: Setting CVar [[vr.ODSCapture:0]]
[2019.11.19-22.52.34:232][  0]LogConfig: Setting CVar [[r.WireframeCullThreshold:5.000000]]
[2019.11.19-22.52.34:232][  0]LogConfig: Setting CVar [[r.RayTracing:0]]
[2019.11.19-22.52.34:232][  0]LogConfig: Setting CVar [[r.SupportStationarySkylight:1]]
[2019.11.19-22.52.34:232][  0]LogConfig: Setting CVar [[r.SupportLowQualityLightmaps:1]]
[2019.11.19-22.52.34:232][  0]LogConfig: Setting CVar [[r.SupportPointLightWholeSceneShadows:1]]
[2019.11.19-22.52.34:232][  0]LogConfig: Setting CVar [[r.SupportAtmosphericFog:1]]
[2019.11.19-22.52.34:232][  0]LogConfig: Setting CVar [[r.SkinCache.CompileShaders:0]]
[2019.11.19-22.52.34:232][  0]LogConfig: Setting CVar [[r.Mobile.EnableStaticAndCSMShadowReceivers:1]]
[2019.11.19-22.52.34:232][  0]LogConfig: Setting CVar [[r.Mobile.EnableMovableLightCSMShaderCulling:1]]
[2019.11.19-22.52.34:232][  0]LogConfig: Setting CVar [[r.Mobile.AllowDistanceFieldShadows:1]]
[2019.11.19-22.52.34:232][  0]LogConfig: Setting CVar [[r.Mobile.AllowMovableDirectionalLights:1]]
[2019.11.19-22.52.34:232][  0]LogConfig: Setting CVar [[r.MobileNumDynamicPointLights:4]]
[2019.11.19-22.52.34:232][  0]LogConfig: Setting CVar [[r.MobileDynamicPointLightsUseStaticBranch:1]]
[2019.11.19-22.52.34:232][  0]LogConfig: Setting CVar [[r.Mobile.EnableMovableSpotlights:0]]
[2019.11.19-22.52.34:232][  0]LogConfig: Setting CVar [[r.SkinCache.SceneMemoryLimitInMB:128.000000]]
[2019.11.19-22.52.34:232][  0]LogConfig: Setting CVar [[r.GPUSkin.Limit2BoneInfluences:0]]
[2019.11.19-22.52.34:232][  0]LogConfig: Setting CVar [[r.SupportDepthOnlyIndexBuffers:1]]
[2019.11.19-22.52.34:232][  0]LogConfig: Setting CVar [[r.SupportReversedIndexBuffers:1]]
[2019.11.19-22.52.34:232][  0]LogConfig: Setting CVar [[r.SupportMaterialLayers:0]]
[2019.11.19-22.52.34:232][  0]LogConfig: Applying CVar settings from Section [/Script/Engine.RendererOverrideSettings] File [C:/Users/luisc/Desktop/Extensions/HSG-Tool/HSG/Saved/Config/Windows/Engine.ini]
[2019.11.19-22.52.34:232][  0]LogConfig: Applying CVar settings from Section [/Script/Engine.StreamingSettings] File [C:/Users/luisc/Desktop/Extensions/HSG-Tool/HSG/Saved/Config/Windows/Engine.ini]
[2019.11.19-22.52.34:232][  0]LogConfig: Setting CVar [[s.MinBulkDataSizeForAsyncLoading:131072]]
[2019.11.19-22.52.34:232][  0]LogConfig: Setting CVar [[s.AsyncLoadingThreadEnabled:0]]
[2019.11.19-22.52.34:232][  0]LogConfig: Setting CVar [[s.EventDrivenLoaderEnabled:1]]
[2019.11.19-22.52.34:232][  0]LogConfig: Setting CVar [[s.WarnIfTimeLimitExceeded:0]]
[2019.11.19-22.52.34:232][  0]LogConfig: Setting CVar [[s.TimeLimitExceededMultiplier:1.5]]
[2019.11.19-22.52.34:232][  0]LogConfig: Setting CVar [[s.TimeLimitExceededMinTime:0.005]]
[2019.11.19-22.52.34:232][  0]LogConfig: Setting CVar [[s.UseBackgroundLevelStreaming:1]]
[2019.11.19-22.52.34:232][  0]LogConfig: Setting CVar [[s.PriorityAsyncLoadingExtraTime:15.0]]
[2019.11.19-22.52.34:232][  0]LogConfig: Setting CVar [[s.LevelStreamingActorsUpdateTimeLimit:5.0]]
[2019.11.19-22.52.34:232][  0]LogConfig: Setting CVar [[s.PriorityLevelStreamingActorsUpdateExtraTime:5.0]]
[2019.11.19-22.52.34:232][  0]LogConfig: Setting CVar [[s.LevelStreamingComponentsRegistrationGranularity:10]]
[2019.11.19-22.52.34:232][  0]LogConfig: Setting CVar [[s.UnregisterComponentsTimeLimit:1.0]]
[2019.11.19-22.52.34:232][  0]LogConfig: Setting CVar [[s.LevelStreamingComponentsUnregistrationGranularity:5]]
[2019.11.19-22.52.34:232][  0]LogConfig: Applying CVar settings from Section [/Script/Engine.GarbageCollectionSettings] File [C:/Users/luisc/Desktop/Extensions/HSG-Tool/HSG/Saved/Config/Windows/Engine.ini]
[2019.11.19-22.52.34:232][  0]LogConfig: Setting CVar [[gc.MaxObjectsNotConsideredByGC:1]]
[2019.11.19-22.52.34:232][  0]LogConfig: Setting CVar [[gc.SizeOfPermanentObjectPool:0]]
[2019.11.19-22.52.34:232][  0]LogConfig: Setting CVar [[gc.FlushStreamingOnGC:0]]
[2019.11.19-22.52.34:232][  0]LogConfig: Setting CVar [[gc.NumRetriesBeforeForcingGC:10]]
[2019.11.19-22.52.34:232][  0]LogConfig: Setting CVar [[gc.AllowParallelGC:1]]
[2019.11.19-22.52.34:232][  0]LogConfig: Setting CVar [[gc.TimeBetweenPurgingPendingKillObjects:61.1]]
[2019.11.19-22.52.34:232][  0]LogConfig: Setting CVar [[gc.MaxObjectsInEditor:16777216]]
[2019.11.19-22.52.34:232][  0]LogConfig: Setting CVar [[gc.IncrementalBeginDestroyEnabled:1]]
[2019.11.19-22.52.34:232][  0]LogConfig: Setting CVar [[gc.CreateGCClusters:1]]
[2019.11.19-22.52.34:232][  0]LogConfig: Setting CVar [[gc.MinGCClusterSize:5]]
[2019.11.19-22.52.34:232][  0]LogConfig: Setting CVar [[gc.ActorClusteringEnabled:0]]
[2019.11.19-22.52.34:232][  0]LogConfig: Setting CVar [[gc.BlueprintClusteringEnabled:0]]
[2019.11.19-22.52.34:232][  0]LogConfig: Setting CVar [[gc.UseDisregardForGCOnDedicatedServers:0]]
[2019.11.19-22.52.34:232][  0]LogConfig: Applying CVar settings from Section [/Script/Engine.NetworkSettings] File [C:/Users/luisc/Desktop/Extensions/HSG-Tool/HSG/Saved/Config/Windows/Engine.ini]
[2019.11.19-22.52.34:232][  0]LogConfig: Applying CVar settings from Section [/Script/UnrealEd.CookerSettings] File [C:/Users/luisc/Desktop/Extensions/HSG-Tool/HSG/Saved/Config/Windows/Engine.ini]
[2019.11.19-22.52.34:241][  0]LogConfig: Applying CVar settings from Section [ViewDistanceQuality@3] File [C:/Users/luisc/Desktop/Extensions/HSG-Tool/HSG/Saved/Config/Windows/Scalability.ini]
[2019.11.19-22.52.34:241][  0]LogConfig: Setting CVar [[r.SkeletalMeshLODBias:0]]
[2019.11.19-22.52.34:241][  0]LogConfig: Setting CVar [[r.ViewDistanceScale:1.0]]
[2019.11.19-22.52.34:241][  0]LogConfig: Applying CVar settings from Section [AntiAliasingQuality@3] File [C:/Users/luisc/Desktop/Extensions/HSG-Tool/HSG/Saved/Config/Windows/Scalability.ini]
[2019.11.19-22.52.34:241][  0]LogConfig: Setting CVar [[r.PostProcessAAQuality:4]]
[2019.11.19-22.52.34:241][  0]LogConfig: Applying CVar settings from Section [ShadowQuality@3] File [C:/Users/luisc/Desktop/Extensions/HSG-Tool/HSG/Saved/Config/Windows/Scalability.ini]
[2019.11.19-22.52.34:241][  0]LogConfig: Setting CVar [[r.LightFunctionQuality:1]]
[2019.11.19-22.52.34:241][  0]LogConfig: Setting CVar [[r.ShadowQuality:5]]
[2019.11.19-22.52.34:241][  0]LogConfig: Setting CVar [[r.Shadow.CSM.MaxCascades:10]]
[2019.11.19-22.52.34:241][  0]LogConfig: Setting CVar [[r.Shadow.MaxResolution:2048]]
[2019.11.19-22.52.34:241][  0]LogConfig: Setting CVar [[r.Shadow.MaxCSMResolution:2048]]
[2019.11.19-22.52.34:241][  0]LogConfig: Setting CVar [[r.Shadow.RadiusThreshold:0.01]]
[2019.11.19-22.52.34:241][  0]LogConfig: Setting CVar [[r.Shadow.DistanceScale:1.0]]
[2019.11.19-22.52.34:241][  0]LogConfig: Setting CVar [[r.Shadow.CSM.TransitionScale:1.0]]
[2019.11.19-22.52.34:241][  0]LogConfig: Setting CVar [[r.Shadow.PreShadowResolutionFactor:1.0]]
[2019.11.19-22.52.34:241][  0]LogConfig: Setting CVar [[r.DistanceFieldShadowing:1]]
[2019.11.19-22.52.34:241][  0]LogConfig: Setting CVar [[r.DistanceFieldAO:1]]
[2019.11.19-22.52.34:241][  0]LogConfig: Setting CVar [[r.AOQuality:2]]
[2019.11.19-22.52.34:250][  0]LogConfig: Setting CVar [[r.VolumetricFog:1]]
[2019.11.19-22.52.34:250][  0]LogConfig: Setting CVar [[r.VolumetricFog.GridPixelSize:8]]
[2019.11.19-22.52.34:250][  0]LogConfig: Setting CVar [[r.VolumetricFog.GridSizeZ:128]]
[2019.11.19-22.52.34:250][  0]LogConfig: Setting CVar [[r.VolumetricFog.HistoryMissSupersampleCount:4]]
[2019.11.19-22.52.34:250][  0]LogConfig: Setting CVar [[r.LightMaxDrawDistanceScale:1]]
[2019.11.19-22.52.34:250][  0]LogConfig: Setting CVar [[r.CapsuleShadows:1]]
[2019.11.19-22.52.34:250][  0]LogConfig: Applying CVar settings from Section [PostProcessQuality@3] File [C:/Users/luisc/Desktop/Extensions/HSG-Tool/HSG/Saved/Config/Windows/Scalability.ini]
[2019.11.19-22.52.34:250][  0]LogConfig: Setting CVar [[r.MotionBlurQuality:4]]
[2019.11.19-22.52.34:250][  0]LogConfig: Setting CVar [[r.AmbientOcclusionMipLevelFactor:0.4]]
[2019.11.19-22.52.34:250][  0]LogConfig: Setting CVar [[r.AmbientOcclusionMaxQuality:100]]
[2019.11.19-22.52.34:250][  0]LogConfig: Setting CVar [[r.AmbientOcclusionLevels:-1]]
[2019.11.19-22.52.34:250][  0]LogConfig: Setting CVar [[r.AmbientOcclusionRadiusScale:1.0]]
[2019.11.19-22.52.34:250][  0]LogConfig: Setting CVar [[r.DepthOfFieldQuality:2]]
[2019.11.19-22.52.34:250][  0]LogConfig: Setting CVar [[r.RenderTargetPoolMin:400]]
[2019.11.19-22.52.34:250][  0]LogConfig: Setting CVar [[r.LensFlareQuality:2]]
[2019.11.19-22.52.34:250][  0]LogConfig: Setting CVar [[r.SceneColorFringeQuality:1]]
[2019.11.19-22.52.34:250][  0]LogConfig: Setting CVar [[r.EyeAdaptationQuality:2]]
[2019.11.19-22.52.34:250][  0]LogConfig: Setting CVar [[r.BloomQuality:5]]
[2019.11.19-22.52.34:250][  0]LogConfig: Setting CVar [[r.FastBlurThreshold:100]]
[2019.11.19-22.52.34:250][  0]LogConfig: Setting CVar [[r.Upscale.Quality:3]]
[2019.11.19-22.52.34:250][  0]LogConfig: Setting CVar [[r.Tonemapper.GrainQuantization:1]]
[2019.11.19-22.52.34:250][  0]LogConfig: Setting CVar [[r.LightShaftQuality:1]]
[2019.11.19-22.52.34:250][  0]LogConfig: Setting CVar [[r.Filter.SizeScale:1]]
[2019.11.19-22.52.34:250][  0]LogConfig: Setting CVar [[r.Tonemapper.Quality:5]]
[2019.11.19-22.52.34:250][  0]LogConfig: Setting CVar [[r.DOF.Gather.AccumulatorQuality:1        ; higher gathering accumulator quality]]
[2019.11.19-22.52.34:250][  0]LogConfig: Setting CVar [[r.DOF.Gather.PostfilterMethod:1          ; Median3x3 postfilering method]]
[2019.11.19-22.52.34:250][  0]LogConfig: Setting CVar [[r.DOF.Gather.EnableBokehSettings:0       ; no bokeh simulation when gathering]]
[2019.11.19-22.52.34:250][  0]LogConfig: Setting CVar [[r.DOF.Gather.RingCount:4                 ; medium number of samples when gathering]]
[2019.11.19-22.52.34:250][  0]LogConfig: Setting CVar [[r.DOF.Scatter.ForegroundCompositing:1    ; additive foreground scattering]]
[2019.11.19-22.52.34:250][  0]LogConfig: Setting CVar [[r.DOF.Scatter.BackgroundCompositing:2    ; additive background scattering]]
[2019.11.19-22.52.34:250][  0]LogConfig: Setting CVar [[r.DOF.Scatter.EnableBokehSettings:1      ; bokeh simulation when scattering]]
[2019.11.19-22.52.34:250][  0]LogConfig: Setting CVar [[r.DOF.Scatter.MaxSpriteRatio:0.1         ; only a maximum of 10% of scattered bokeh]]
[2019.11.19-22.52.34:250][  0]LogConfig: Setting CVar [[r.DOF.Recombine.Quality:1                ; cheap slight out of focus]]
[2019.11.19-22.52.34:250][  0]LogConfig: Setting CVar [[r.DOF.Recombine.EnableBokehSettings:0    ; no bokeh simulation on slight out of focus]]
[2019.11.19-22.52.34:250][  0]LogConfig: Setting CVar [[r.DOF.TemporalAAQuality:1                ; more stable temporal accumulation]]
[2019.11.19-22.52.34:250][  0]LogConfig: Setting CVar [[r.DOF.Kernel.MaxForegroundRadius:0.025]]
[2019.11.19-22.52.34:250][  0]LogConfig: Setting CVar [[r.DOF.Kernel.MaxBackgroundRadius:0.025]]
[2019.11.19-22.52.34:250][  0]LogConfig: Applying CVar settings from Section [TextureQuality@3] File [C:/Users/luisc/Desktop/Extensions/HSG-Tool/HSG/Saved/Config/Windows/Scalability.ini]
[2019.11.19-22.52.34:250][  0]LogConfig: Setting CVar [[r.Streaming.MipBias:0]]
[2019.11.19-22.52.34:250][  0]LogConfig: Setting CVar [[r.Streaming.AmortizeCPUToGPUCopy:0]]
[2019.11.19-22.52.34:250][  0]LogConfig: Setting CVar [[r.Streaming.MaxNumTexturesToStreamPerFrame:0]]
[2019.11.19-22.52.34:250][  0]LogConfig: Setting CVar [[r.Streaming.Boost:1]]
[2019.11.19-22.52.34:250][  0]LogConfig: Setting CVar [[r.MaxAnisotropy:8]]
[2019.11.19-22.52.34:250][  0]LogConfig: Setting CVar [[r.Streaming.LimitPoolSizeToVRAM:0]]
[2019.11.19-22.52.34:250][  0]LogConfig: Setting CVar [[r.Streaming.PoolSize:1000]]
[2019.11.19-22.52.34:250][  0]LogConfig: Setting CVar [[r.Streaming.MaxEffectiveScreenSize:0]]
[2019.11.19-22.52.34:250][  0]LogConfig: Applying CVar settings from Section [EffectsQuality@3] File [C:/Users/luisc/Desktop/Extensions/HSG-Tool/HSG/Saved/Config/Windows/Scalability.ini]
[2019.11.19-22.52.34:250][  0]LogConfig: Setting CVar [[r.TranslucencyLightingVolumeDim:64]]
[2019.11.19-22.52.34:250][  0]LogConfig: Setting CVar [[r.RefractionQuality:2]]
[2019.11.19-22.52.34:250][  0]LogConfig: Setting CVar [[r.SSR.Quality:3]]
[2019.11.19-22.52.34:250][  0]LogConfig: Setting CVar [[r.SceneColorFormat:4]]
[2019.11.19-22.52.34:250][  0]LogConfig: Setting CVar [[r.DetailMode:2]]
[2019.11.19-22.52.34:250][  0]LogConfig: Setting CVar [[r.TranslucencyVolumeBlur:1]]
[2019.11.19-22.52.34:250][  0]LogConfig: Setting CVar [[r.MaterialQualityLevel:1 ; High quality]]
[2019.11.19-22.52.34:250][  0]LogConfig: Setting CVar [[r.SSS.Scale:1]]
[2019.11.19-22.52.34:250][  0]LogConfig: Setting CVar [[r.SSS.SampleSet:2]]
[2019.11.19-22.52.34:250][  0]LogConfig: Setting CVar [[r.SSS.Quality:1]]
[2019.11.19-22.52.34:250][  0]LogConfig: Setting CVar [[r.SSS.HalfRes:1]]
[2019.11.19-22.52.34:250][  0]LogConfig: Setting CVar [[r.EmitterSpawnRateScale:1.0]]
[2019.11.19-22.52.34:250][  0]LogConfig: Setting CVar [[r.ParticleLightQuality:2]]
[2019.11.19-22.52.34:250][  0]LogConfig: Applying CVar settings from Section [FoliageQuality@3] File [C:/Users/luisc/Desktop/Extensions/HSG-Tool/HSG/Saved/Config/Windows/Scalability.ini]
[2019.11.19-22.52.34:250][  0]LogConfig: Setting CVar [[foliage.DensityScale:1.0]]
[2019.11.19-22.52.34:250][  0]LogConfig: Setting CVar [[grass.DensityScale:1.0]]
[2019.11.19-22.52.34:250][  0]LogInit: Selected Device Profile: [Windows]
[2019.11.19-22.52.34:250][  0]LogInit: Applying CVar settings loaded from the selected device profile: [Windows]
[2019.11.19-22.52.34:259][  0]LogHAL: Display: Platform has ~ 8 GB [8505262080 / 8589934592 / 8], which maps to Default [LargestMinGB=32, LargerMinGB=12, DefaultMinGB=8, SmallerMinGB=6, SmallestMinGB=0)
[2019.11.19-22.52.34:259][  0]LogInit: Going up to parent DeviceProfile []
[2019.11.19-22.52.34:259][  0]LogConfig: Applying CVar settings from Section [ViewDistanceQuality@0] File [C:/Users/luisc/Desktop/Extensions/HSG-Tool/HSG/Saved/Config/Windows/Scalability.ini]
[2019.11.19-22.52.34:259][  0]LogConfig: Setting CVar [[r.SkeletalMeshLODBias:2]]
[2019.11.19-22.52.34:259][  0]LogConfig: Setting CVar [[r.ViewDistanceScale:0.4]]
[2019.11.19-22.52.34:259][  0]LogConfig: Applying CVar settings from Section [AntiAliasingQuality@0] File [C:/Users/luisc/Desktop/Extensions/HSG-Tool/HSG/Saved/Config/Windows/Scalability.ini]
[2019.11.19-22.52.34:259][  0]LogConfig: Setting CVar [[r.PostProcessAAQuality:0]]
[2019.11.19-22.52.34:259][  0]LogConfig: Applying CVar settings from Section [ShadowQuality@0] File [C:/Users/luisc/Desktop/Extensions/HSG-Tool/HSG/Saved/Config/Windows/Scalability.ini]
[2019.11.19-22.52.34:259][  0]LogConfig: Setting CVar [[r.LightFunctionQuality:0]]
[2019.11.19-22.52.34:259][  0]LogConfig: Setting CVar [[r.ShadowQuality:0]]
[2019.11.19-22.52.34:259][  0]LogConfig: Setting CVar [[r.Shadow.CSM.MaxCascades:1]]
[2019.11.19-22.52.34:259][  0]LogConfig: Setting CVar [[r.Shadow.MaxResolution:512]]
[2019.11.19-22.52.34:259][  0]LogConfig: Setting CVar [[r.Shadow.MaxCSMResolution:512]]
[2019.11.19-22.52.34:259][  0]LogConfig: Setting CVar [[r.Shadow.RadiusThreshold:0.06]]
[2019.11.19-22.52.34:259][  0]LogConfig: Setting CVar [[r.Shadow.DistanceScale:0.6]]
[2019.11.19-22.52.34:259][  0]LogConfig: Setting CVar [[r.Shadow.CSM.TransitionScale:0]]
[2019.11.19-22.52.34:259][  0]LogConfig: Setting CVar [[r.Shadow.PreShadowResolutionFactor:0.5]]
[2019.11.19-22.52.34:259][  0]LogConfig: Setting CVar [[r.DistanceFieldShadowing:0]]
[2019.11.19-22.52.34:259][  0]LogConfig: Setting CVar [[r.DistanceFieldAO:0]]
[2019.11.19-22.52.34:259][  0]LogConfig: Setting CVar [[r.VolumetricFog:0]]
[2019.11.19-22.52.34:259][  0]LogConfig: Setting CVar [[r.LightMaxDrawDistanceScale:0]]
[2019.11.19-22.52.34:259][  0]LogConfig: Setting CVar [[r.CapsuleShadows:0]]
[2019.11.19-22.52.34:259][  0]LogConfig: Applying CVar settings from Section [PostProcessQuality@0] File [C:/Users/luisc/Desktop/Extensions/HSG-Tool/HSG/Saved/Config/Windows/Scalability.ini]
[2019.11.19-22.52.34:259][  0]LogConfig: Setting CVar [[r.MotionBlurQuality:0]]
[2019.11.19-22.52.34:259][  0]LogConfig: Setting CVar [[r.AmbientOcclusionMipLevelFactor:1.0]]
[2019.11.19-22.52.34:259][  0]LogConfig: Setting CVar [[r.AmbientOcclusionMaxQuality:0]]
[2019.11.19-22.52.34:259][  0]LogConfig: Setting CVar [[r.AmbientOcclusionLevels:0]]
[2019.11.19-22.52.34:259][  0]LogConfig: Setting CVar [[r.AmbientOcclusionRadiusScale:1.2]]
[2019.11.19-22.52.34:259][  0]LogConfig: Setting CVar [[r.DepthOfFieldQuality:0]]
[2019.11.19-22.52.34:259][  0]LogConfig: Setting CVar [[r.RenderTargetPoolMin:300]]
[2019.11.19-22.52.34:259][  0]LogConfig: Setting CVar [[r.LensFlareQuality:0]]
[2019.11.19-22.52.34:259][  0]LogConfig: Setting CVar [[r.SceneColorFringeQuality:0]]
[2019.11.19-22.52.34:259][  0]LogConfig: Setting CVar [[r.EyeAdaptationQuality:0]]
[2019.11.19-22.52.34:259][  0]LogConfig: Setting CVar [[r.BloomQuality:4]]
[2019.11.19-22.52.34:259][  0]LogConfig: Setting CVar [[r.FastBlurThreshold:0]]
[2019.11.19-22.52.34:259][  0]LogConfig: Setting CVar [[r.Upscale.Quality:1]]
[2019.11.19-22.52.34:259][  0]LogConfig: Setting CVar [[r.Tonemapper.GrainQuantization:0]]
[2019.11.19-22.52.34:259][  0]LogConfig: Setting CVar [[r.LightShaftQuality:0]]
[2019.11.19-22.52.34:259][  0]LogConfig: Setting CVar [[r.Filter.SizeScale:0.6]]
[2019.11.19-22.52.34:259][  0]LogConfig: Setting CVar [[r.Tonemapper.Quality:0]]
[2019.11.19-22.52.34:259][  0]LogConfig: Applying CVar settings from Section [TextureQuality@0] File [C:/Users/luisc/Desktop/Extensions/HSG-Tool/HSG/Saved/Config/Windows/Scalability.ini]
[2019.11.19-22.52.34:259][  0]LogConfig: Setting CVar [[r.Streaming.MipBias:16]]
[2019.11.19-22.52.34:259][  0]LogConfig: Setting CVar [[r.Streaming.AmortizeCPUToGPUCopy:1]]
[2019.11.19-22.52.34:259][  0]LogConfig: Setting CVar [[r.Streaming.MaxNumTexturesToStreamPerFrame:1]]
[2019.11.19-22.52.34:259][  0]LogConfig: Setting CVar [[r.Streaming.Boost:0.3]]
[2019.11.19-22.52.34:259][  0]LogConfig: Setting CVar [[r.MaxAnisotropy:0]]
[2019.11.19-22.52.34:259][  0]LogConfig: Setting CVar [[r.Streaming.LimitPoolSizeToVRAM:1]]
[2019.11.19-22.52.34:259][  0]LogConfig: Setting CVar [[r.Streaming.PoolSize:400]]
[2019.11.19-22.52.34:259][  0]LogConfig: Setting CVar [[r.Streaming.MaxEffectiveScreenSize:0]]
[2019.11.19-22.52.34:259][  0]LogConfig: Applying CVar settings from Section [EffectsQuality@0] File [C:/Users/luisc/Desktop/Extensions/HSG-Tool/HSG/Saved/Config/Windows/Scalability.ini]
[2019.11.19-22.52.34:259][  0]LogConfig: Setting CVar [[r.TranslucencyLightingVolumeDim:24]]
[2019.11.19-22.52.34:259][  0]LogConfig: Setting CVar [[r.RefractionQuality:0]]
[2019.11.19-22.52.34:259][  0]LogConfig: Setting CVar [[r.SSR.Quality:0]]
[2019.11.19-22.52.34:259][  0]LogConfig: Setting CVar [[r.SceneColorFormat:3]]
[2019.11.19-22.52.34:259][  0]LogConfig: Setting CVar [[r.DetailMode:0]]
[2019.11.19-22.52.34:259][  0]LogConfig: Setting CVar [[r.TranslucencyVolumeBlur:0]]
[2019.11.19-22.52.34:259][  0]LogConfig: Setting CVar [[r.MaterialQualityLevel:0 ; Low quality]]
[2019.11.19-22.52.34:259][  0]LogConfig: Setting CVar [[r.SSS.Scale:0]]
[2019.11.19-22.52.34:259][  0]LogConfig: Setting CVar [[r.SSS.SampleSet:0]]
[2019.11.19-22.52.34:259][  0]LogConfig: Setting CVar [[r.SSS.Quality:0]]
[2019.11.19-22.52.34:259][  0]LogConfig: Setting CVar [[r.SSS.HalfRes:1]]
[2019.11.19-22.52.34:259][  0]LogConfig: Setting CVar [[r.EmitterSpawnRateScale:0.125]]
[2019.11.19-22.52.34:259][  0]LogConfig: Setting CVar [[r.ParticleLightQuality:0]]
[2019.11.19-22.52.34:259][  0]LogConfig: Applying CVar settings from Section [FoliageQuality@0] File [C:/Users/luisc/Desktop/Extensions/HSG-Tool/HSG/Saved/Config/Windows/Scalability.ini]
[2019.11.19-22.52.34:259][  0]LogConfig: Setting CVar [[foliage.DensityScale:0]]
[2019.11.19-22.52.34:259][  0]LogConfig: Setting CVar [[grass.DensityScale:0]]
[2019.11.19-22.52.34:259][  0]LogConfig: Applying CVar settings from Section [Startup] File [../../../Engine/Config/ConsoleVariables.ini]
[2019.11.19-22.52.34:259][  0]LogConfig: Setting CVar [[net.UseAdaptiveNetUpdateFrequency:0]]
[2019.11.19-22.52.34:259][  0]LogConfig: Setting CVar [[p.chaos.AllowCreatePhysxBodies:1]]
[2019.11.19-22.52.34:259][  0]LogConfig: Applying CVar settings from Section [ConsoleVariables] File [C:/Users/luisc/Desktop/Extensions/HSG-Tool/HSG/Saved/Config/Windows/Engine.ini]
[2019.11.19-22.52.34:267][  0]LogInit: Computer: TECLAST
[2019.11.19-22.52.34:267][  0]LogInit: User: luisc
[2019.11.19-22.52.34:267][  0]LogInit: CPU Page size=4096, Cores=2
[2019.11.19-22.52.34:267][  0]LogInit: High frequency timer resolution =10.000000 MHz
[2019.11.19-22.52.34:267][  0]LogMemory: Memory total: Physical=7.9GB (8GB approx)
[2019.11.19-22.52.34:267][  0]LogMemory: Platform Memory Stats for Windows
[2019.11.19-22.52.34:267][  0]LogMemory: Process Physical Memory: 100.77 MB used, 100.77 MB peak
[2019.11.19-22.52.34:267][  0]LogMemory: Process Virtual Memory: 89.29 MB used, 89.29 MB peak
[2019.11.19-22.52.34:267][  0]LogMemory: Physical Memory: 3631.09 MB used,  4480.16 MB free, 8111.25 MB total
[2019.11.19-22.52.34:268][  0]LogMemory: Virtual Memory: 4635.19 MB used,  134213096.00 MB free, 134217728.00 MB total
[2019.11.19-22.52.34:281][  0]LogWindows: WindowsPlatformFeatures enabled
[2019.11.19-22.52.34:465][  0]LogInit: Overriding language with editor language configuration option (en).
[2019.11.19-22.52.34:465][  0]LogInit: Overriding locale with editor locale configuration option (en).
[2019.11.19-22.52.34:993][  0]LogInit: Setting process to per monitor DPI aware
[2019.11.19-22.52.35:108][  0]LogSlate: New Slate User Created.  User Index 0, Is Virtual User: 0
[2019.11.19-22.52.35:108][  0]LogSlate: Slate User Registered.  User Index 0, Is Virtual User: 0
[2019.11.19-22.52.35:717][  0]LogHMD: Failed to initialize OpenVR with code 110
[2019.11.19-22.52.35:717][  0]LogD3D11RHI: D3D11 adapters:
[2019.11.19-22.52.35:780][  0]LogD3D11RHI:    0. 'Intel(R) HD Graphics 615' (Feature Level 11_0)
[2019.11.19-22.52.35:780][  0]LogD3D11RHI:       128/0/4055 MB DedicatedVideo/DedicatedSystem/SharedSystem, Outputs:1, VendorId:0x8086
[2019.11.19-22.52.35:784][  0]LogD3D11RHI:    1. 'Microsoft Basic Render Driver' (Feature Level 11_0)
[2019.11.19-22.52.35:784][  0]LogD3D11RHI:       0/0/4055 MB DedicatedVideo/DedicatedSystem/SharedSystem, Outputs:0, VendorId:0x1414
[2019.11.19-22.52.35:784][  0]LogD3D11RHI: Chosen D3D11 Adapter: 0
[2019.11.19-22.52.35:794][  0]LogD3D11RHI: Creating new Direct3DDevice
[2019.11.19-22.52.35:795][  0]LogD3D11RHI:     GPU DeviceId: 0x591e (for the marketing name, search the web for "GPU Device Id")
[2019.11.19-22.52.35:795][  0]LogWindows: EnumDisplayDevices:
[2019.11.19-22.52.35:795][  0]LogWindows:    0. 'Intel(R) HD Graphics 615' (P:1 D:1)
[2019.11.19-22.52.35:796][  0]LogWindows:    1. 'Intel(R) HD Graphics 615' (P:0 D:0)
[2019.11.19-22.52.35:796][  0]LogWindows:    2. 'Intel(R) HD Graphics 615' (P:0 D:0)
[2019.11.19-22.52.35:797][  0]LogWindows: DebugString: FoundDriverCount:3 
[2019.11.19-22.52.35:797][  0]LogD3D11RHI:     Adapter Name: Intel(R) HD Graphics 615
[2019.11.19-22.52.35:797][  0]LogD3D11RHI:   Driver Version: 26.20.100.7263 (internal:26.20.100.7263, unified:26.20.100.7263)
[2019.11.19-22.52.35:797][  0]LogD3D11RHI:      Driver Date: 9-25-2019
[2019.11.19-22.52.35:797][  0]LogRHI: Texture pool is 1509 MB (70% of 2155 MB)
[2019.11.19-22.52.35:953][  0]LogD3D11RHI: [IntelMetricsDiscovery] Started
[2019.11.19-22.52.35:954][  0]LogD3D11RHI: Async texture creation enabled
[2019.11.19-22.52.35:982][  0]LogD3D11RHI: GPU Timing Frequency: 12.000048 (Debug: 2 0)
[2019.11.19-22.52.36:702][  0]LogTemp: Display: Module 'AllDesktopTargetPlatform' loaded TargetPlatform 'AllDesktop'
[2019.11.19-22.52.36:717][  0]LogTemp: Display: Module 'MacClientTargetPlatform' loaded TargetPlatform 'MacClient'
[2019.11.19-22.52.36:733][  0]LogTemp: Display: Module 'MacNoEditorTargetPlatform' loaded TargetPlatform 'MacNoEditor'
[2019.11.19-22.52.36:750][  0]LogTemp: Display: Module 'MacServerTargetPlatform' loaded TargetPlatform 'MacServer'
[2019.11.19-22.52.36:768][  0]LogTemp: Display: Module 'MacTargetPlatform' loaded TargetPlatform 'Mac'
[2019.11.19-22.52.36:786][  0]LogTemp: Display: Module 'WindowsClientTargetPlatform' loaded TargetPlatform 'WindowsClient'
[2019.11.19-22.52.36:803][  0]LogTemp: Display: Module 'WindowsNoEditorTargetPlatform' loaded TargetPlatform 'WindowsNoEditor'
[2019.11.19-22.52.36:820][  0]LogTemp: Display: Module 'WindowsServerTargetPlatform' loaded TargetPlatform 'WindowsServer'
[2019.11.19-22.52.36:830][  0]LogTemp: Display: Module 'WindowsTargetPlatform' loaded TargetPlatform 'Windows'
[2019.11.19-22.52.36:884][  0]LogTemp: Display: Module 'AndroidTargetPlatform' loaded TargetPlatform 'Android'
[2019.11.19-22.52.36:884][  0]LogTemp: Display: Module 'AndroidTargetPlatform' loaded TargetPlatform 'Android_ASTC'
[2019.11.19-22.52.36:884][  0]LogTemp: Display: Module 'AndroidTargetPlatform' loaded TargetPlatform 'Android_ATC'
[2019.11.19-22.52.36:884][  0]LogTemp: Display: Module 'AndroidTargetPlatform' loaded TargetPlatform 'Android_DXT'
[2019.11.19-22.52.36:884][  0]LogTemp: Display: Module 'AndroidTargetPlatform' loaded TargetPlatform 'Android_ETC1'
[2019.11.19-22.52.36:884][  0]LogTemp: Display: Module 'AndroidTargetPlatform' loaded TargetPlatform 'Android_ETC1a'
[2019.11.19-22.52.36:884][  0]LogTemp: Display: Module 'AndroidTargetPlatform' loaded TargetPlatform 'Android_ETC2'
[2019.11.19-22.52.36:884][  0]LogTemp: Display: Module 'AndroidTargetPlatform' loaded TargetPlatform 'Android_PVRTC'
[2019.11.19-22.52.36:884][  0]LogTemp: Display: Module 'AndroidTargetPlatform' loaded TargetPlatform 'AndroidClient'
[2019.11.19-22.52.36:884][  0]LogTemp: Display: Module 'AndroidTargetPlatform' loaded TargetPlatform 'Android_ASTCClient'
[2019.11.19-22.52.36:884][  0]LogTemp: Display: Module 'AndroidTargetPlatform' loaded TargetPlatform 'Android_ATCClient'
[2019.11.19-22.52.36:884][  0]LogTemp: Display: Module 'AndroidTargetPlatform' loaded TargetPlatform 'Android_DXTClient'
[2019.11.19-22.52.36:884][  0]LogTemp: Display: Module 'AndroidTargetPlatform' loaded TargetPlatform 'Android_ETC1Client'
[2019.11.19-22.52.36:885][  0]LogTemp: Display: Module 'AndroidTargetPlatform' loaded TargetPlatform 'Android_ETC1aClient'
[2019.11.19-22.52.36:885][  0]LogTemp: Display: Module 'AndroidTargetPlatform' loaded TargetPlatform 'Android_ETC2Client'
[2019.11.19-22.52.36:885][  0]LogTemp: Display: Module 'AndroidTargetPlatform' loaded TargetPlatform 'Android_PVRTCClient'
[2019.11.19-22.52.36:885][  0]LogTemp: Display: Module 'AndroidTargetPlatform' loaded TargetPlatform 'Android_Multi'
[2019.11.19-22.52.36:885][  0]LogTemp: Display: Module 'AndroidTargetPlatform' loaded TargetPlatform 'Android_MultiClient'
[2019.11.19-22.52.36:891][  0]LogTemp: Display: Module 'HTML5TargetPlatform' loaded TargetPlatform 'HTML5'
[2019.11.19-22.52.36:935][  0]LogTemp: Display: Module 'IOSTargetPlatform' loaded TargetPlatform 'IOSClient'
[2019.11.19-22.52.36:935][  0]LogTemp: Display: Module 'IOSTargetPlatform' loaded TargetPlatform 'IOS'
[2019.11.19-22.52.36:962][  0]LogTemp: Display: Module 'TVOSTargetPlatform' loaded TargetPlatform 'TVOSClient'
[2019.11.19-22.52.36:962][  0]LogTemp: Display: Module 'TVOSTargetPlatform' loaded TargetPlatform 'TVOS'
[2019.11.19-22.52.36:976][  0]LogTemp: Display: Module 'LinuxClientTargetPlatform' loaded TargetPlatform 'LinuxClient'
[2019.11.19-22.52.36:990][  0]LogTemp: Display: Module 'LinuxNoEditorTargetPlatform' loaded TargetPlatform 'LinuxNoEditor'
[2019.11.19-22.52.37:005][  0]LogTemp: Display: Module 'LinuxServerTargetPlatform' loaded TargetPlatform 'LinuxServer'
[2019.11.19-22.52.37:022][  0]LogTemp: Display: Module 'LinuxTargetPlatform' loaded TargetPlatform 'Linux'
[2019.11.19-22.52.37:063][  0]LogTemp: Display: Module 'LuminTargetPlatform' loaded TargetPlatform 'Lumin'
[2019.11.19-22.52.37:063][  0]LogTemp: Display: Module 'LuminTargetPlatform' loaded TargetPlatform 'LuminClient'
[2019.11.19-22.52.37:063][  0]LogTargetPlatformManager: Display: Building Assets For Windows
[2019.11.19-22.52.37:099][  0]LogAudioDebug: Display: Lib vorbis DLL was dynamically loaded.
[2019.11.19-22.52.37:308][  0]LogShaderCompilers: Guid format shader working directory is -16 characters bigger than the processId version (../../../../../../Users/luisc/Desktop/Extensions/HSG-Tool/HSG/Intermediate/Shaders/WorkingDirectory/21652/).
[2019.11.19-22.52.37:308][  0]LogShaderCompilers: Cleaned the shader compiler working directory 'C:/Users/luisc/AppData/Local/Temp/UnrealShaderWorkingDir/857382CD46990FE229272BB0BE96ADC6/'.
[2019.11.19-22.52.37:316][  0]LogXGEController: Cleaning working directory: C:/Users/luisc/AppData/Local/Temp/UnrealXGEWorkingDir/
[2019.11.19-22.52.37:317][  0]LogXGEController: Cannot use XGE Controller as Incredibuild is not installed on this machine.
[2019.11.19-22.52.37:318][  0]LogShaderCompilers: Cannot use XGE Shader Compiler as Incredibuild is not installed on this machine.
[2019.11.19-22.52.37:318][  0]LogShaderCompilers: Display: Using Local Shader Compiler.
[2019.11.19-22.52.38:629][  0]LogDerivedDataCache: Display: Max Cache Size: 512 MB
[2019.11.19-22.52.38:873][  0]LogDerivedDataCache: Loaded boot cache 0.24s 73MB C:/Users/luisc/AppData/Local/UnrealEngine/4.23/DerivedDataCache/Boot.ddc.
[2019.11.19-22.52.38:873][  0]LogDerivedDataCache: Display: Loaded Boot cache: C:/Users/luisc/AppData/Local/UnrealEngine/4.23/DerivedDataCache/Boot.ddc
[2019.11.19-22.52.38:873][  0]LogDerivedDataCache: FDerivedDataBackendGraph:  Pak pak cache file ../../../../../../Users/luisc/Desktop/Extensions/HSG-Tool/HSG/DerivedDataCache/DDC.ddp not found, will not use a pak cache.
[2019.11.19-22.52.38:873][  0]LogDerivedDataCache: Unable to find inner node Pak for hierarchical cache Hierarchy.
[2019.11.19-22.52.38:873][  0]LogDerivedDataCache: FDerivedDataBackendGraph:  CompressedPak pak cache file ../../../../../../Users/luisc/Desktop/Extensions/HSG-Tool/HSG/DerivedDataCache/Compressed.ddp not found, will not use a pak cache.
[2019.11.19-22.52.38:873][  0]LogDerivedDataCache: Unable to find inner node CompressedPak for hierarchical cache Hierarchy.
[2019.11.19-22.52.38:892][  0]LogDerivedDataCache: Display: Pak cache opened for reading ../../../Engine/DerivedDataCache/Compressed.ddp.
[2019.11.19-22.52.38:893][  0]LogDerivedDataCache: FDerivedDataBackendGraph:  EnterprisePak pak cache file ../../../Enterprise/DerivedDataCache/Compressed.ddp not found, will not use a pak cache.
[2019.11.19-22.52.38:893][  0]LogDerivedDataCache: Unable to find inner node EnterprisePak for hierarchical cache Hierarchy.
[2019.11.19-22.52.38:895][  0]LogDerivedDataCache: Using Local data cache path C:/Users/luisc/AppData/Local/UnrealEngine/Common/DerivedDataCache: Writable
[2019.11.19-22.52.38:895][  0]LogDerivedDataCache: Shared data cache path not found in *engine.ini, will not use an Shared cache.
[2019.11.19-22.52.38:895][  0]LogDerivedDataCache: Unable to find inner node Shared for hierarchical cache Hierarchy.
[2019.11.19-22.52.38:941][  0]LogMaterial: Verifying Global Shaders for PCD3D_SM5
[2019.11.19-22.52.38:953][  0]LogSlate: Using FreeType 2.6.0
[2019.11.19-22.52.38:960][  0]LogSlate: SlateFontServices - WITH_FREETYPE: 1, WITH_HARFBUZZ: 1
[2019.11.19-22.52.39:178][  0]LogAssetRegistry: FAssetRegistry took 0.0075 seconds to start up
[2019.11.19-22.52.39:858][  0]LogInit: Selected Device Profile: [Windows]
[2019.11.19-22.52.40:428][  0]LogMeshReduction: Using QuadricMeshReduction for automatic static mesh reduction
[2019.11.19-22.52.40:428][  0]LogMeshReduction: Using SimplygonMeshReduction for automatic skeletal mesh reduction
[2019.11.19-22.52.40:428][  0]LogMeshReduction: Using ProxyLODMeshReduction for automatic mesh merging
[2019.11.19-22.52.40:428][  0]LogMeshReduction: No distributed automatic mesh merging module available
[2019.11.19-22.52.40:429][  0]LogMeshMerging: No distributed automatic mesh merging module available
[2019.11.19-22.52.40:517][  0]LogNetVersion: HSG 1.0.0, NetCL: 8386587, EngineNetVer: 11, GameNetVer: 0 (Checksum: 564182412)
[2019.11.19-22.52.41:639][  0]LogPackageLocalizationCache: Processed 12 localized package path(s) for 1 prioritized culture(s) in 0.083665 seconds
[2019.11.19-22.52.41:648][  0]LogUObjectArray: 43444 objects as part of root set at end of initial load.
[2019.11.19-22.52.41:648][  0]LogUObjectAllocator: 7548648 out of 0 bytes used by permanent object pool.
[2019.11.19-22.52.41:648][  0]LogUObjectArray: CloseDisregardForGC: 0/0 objects in disregard for GC pool
[2019.11.19-22.52.45:399][  0]LogTcpMessaging: Initializing TcpMessaging bridge
[2019.11.19-22.52.45:410][  0]LogUdpMessaging: Initializing bridge on interface 0.0.0.0:0 to multicast group 230.0.0.1:6666.
[2019.11.19-22.52.45:629][  0]SourceControl: Source control is disabled
[2019.11.19-22.52.45:630][  0]SourceControl: Source control is disabled
[2019.11.19-22.52.45:648][  0]SourceControl: Source control is disabled
[2019.11.19-22.52.45:657][  0]SourceControl: Source control is disabled
[2019.11.19-22.52.46:062][  0]LogAndroidPermission: UAndroidPermissionCallbackProxy::GetInstance
[2019.11.19-22.52.46:456][  0]LogOcInput: OculusInput pre-init called
[2019.11.19-22.52.46:481][  0]LogWindows: Failed to load 'OVRPlugin.dll' (GetLastError=126)
[2019.11.19-22.52.46:481][  0]LogWindows: File 'OVRPlugin.dll' does not exist
[2019.11.19-22.52.46:675][  0]LogClass: Warning: FTriangle::X is not initialized properly
[2019.11.19-22.52.46:675][  0]LogClass: Warning: FTriangle::Y is not initialized properly
[2019.11.19-22.52.46:675][  0]LogClass: Warning: FTriangle::Z is not initialized properly
[2019.11.19-22.52.46:675][  0]LogClass: Warning: FTriangle::Vertex is not initialized properly
[2019.11.19-22.52.46:675][  0]LogClass: Display: 4 Uninitialized script stuct members found
[2019.11.19-22.52.46:682][  0]LogAutomationTest: Warning: FTriangle::X is not initialized properly
[2019.11.19-22.52.46:682][  0]LogAutomationTest: Warning: FTriangle::Y is not initialized properly
[2019.11.19-22.52.46:682][  0]LogAutomationTest: Warning: FTriangle::Z is not initialized properly
[2019.11.19-22.52.46:682][  0]LogAutomationTest: Warning: FTriangle::Vertex is not initialized properly
[2019.11.19-22.52.46:689][  0]LogEngine: Initializing Engine...
[2019.11.19-22.52.46:693][  0]LogHMD: Failed to initialize OpenVR with code 110
[2019.11.19-22.52.46:698][  0]LogStats: UGameplayTagsManager::InitializeManager -  0.002 s
[2019.11.19-22.52.47:116][  0]LogInit: Initializing FReadOnlyCVARCache
[2019.11.19-22.52.47:184][  0]LogAIModule: Creating AISystem for world Untitled
[2019.11.19-22.52.47:250][  0]LogInit: XAudio2 using 'Altavoces (Realtek High Definition Audio(SST))' : 2 channels at 48 kHz using 32 bits per sample (channel mask 0x3)
[2019.11.19-22.52.47:430][  0]LogInit: FAudioDevice initialized.
[2019.11.19-22.52.47:431][  0]LogNetVersion: Set ProjectVersion to 1.0.0.0. Version Checksum will be recalculated on next use.
[2019.11.19-22.52.47:533][  0]LogDerivedDataCache: Saved boot cache 0.10s 73MB C:/Users/luisc/AppData/Local/UnrealEngine/4.23/DerivedDataCache/Boot.ddc.
[2019.11.19-22.52.47:537][  0]LogInit: Texture streaming: Enabled
[2019.11.19-22.52.47:589][  0]LogEngineSessionManager: EngineSessionManager initialized
[2019.11.19-22.52.47:589][  0]LogEditorSessionSummary: Verbose: Initializing EditorSessionSummaryWriter for editor session tracking
[2019.11.19-22.52.47:594][  0]LogEditorSessionSummary: EditorSessionSummaryWriter initialized
[2019.11.19-22.52.48:203][  0]LogInit: Transaction tracking system initialized
[2019.11.19-22.52.48:388][  0]BlueprintLog: New page: Editor Load
[2019.11.19-22.52.48:744][  0]LocalizationService: Localization service is disabled
[2019.11.19-22.52.50:746][  0]LogFileCache: Scanning file cache for directory 'C:/Users/luisc/Desktop/Extensions/HSG-Tool/HSG/Content/' took 0.00s
[2019.11.19-22.52.50:746][  0]LogCook: Display: Max memory allowance for cook 16384mb min free memory 0mb
[2019.11.19-22.52.50:746][  0]LogCook: Display: Mobile HDR setting 1
[2019.11.19-22.52.51:509][  0]SourceControl: Source control is disabled
[2019.11.19-22.52.51:619][  0]LogSlate: Took 0.001558 seconds to synchronously load lazily loaded font '../../../Engine/Content/Slate/Fonts/Roboto-Regular.ttf' (155K)
[2019.11.19-22.52.54:212][  0]LogSlate: Window 'Restore Packages' being destroyed
[2019.11.19-22.52.54:213][  0]LogWindowsTextInputMethodSystem: Display: IME system now deactivated.
[2019.11.19-22.52.54:231][  0]Cmd: MAP LOAD FILE="../../../Engine/Content/Maps/Templates/Template_Default.umap" TEMPLATE=1 SHOWPROGRESS=1 FEATURELEVEL=3
[2019.11.19-22.52.54:237][  0]LightingResults: New page: Lighting Build
[2019.11.19-22.52.54:275][  0]LogWorld: UWorld::CleanupWorld for Untitled, bSessionEnded=true, bCleanupResources=true
[2019.11.19-22.52.54:280][  0]MapCheck: New page: Map Check
[2019.11.19-22.52.54:280][  0]LightingResults: New page: Lighting Build
[2019.11.19-22.52.54:339][  0]LogUObjectHash: Compacting FUObjectHashTables data took   2.74ms
[2019.11.19-22.52.54:611][  0]LogAIModule: Creating AISystem for world Untitled_1
[2019.11.19-22.52.54:688][  0]LogEditorServer: Finished looking for orphan Actors (0.000 secs)
[2019.11.19-22.52.54:738][  0]LogUObjectHash: Compacting FUObjectHashTables data took   2.86ms
[2019.11.19-22.52.54:739][  0]Cmd: MAP CHECKDEP NOCLEARLOG
[2019.11.19-22.52.54:740][  0]MapCheck: Map check complete: 0 Error(s), 0 Warning(s), took 0.722ms to complete.
[2019.11.19-22.52.54:740][  0]LogFileHelpers: Loading map 'Template_Default' took 0.511
[2019.11.19-22.52.54:816][  0]LogWindowsTextInputMethodSystem: Display: IME system now deactivated.
[2019.11.19-22.52.54:952][  0]LogSlate: Updating window title bar state: overlay mode, drag disabled, window buttons hidden, title bar hidden
[2019.11.19-22.52.54:966][  0]LogSlate: Updating window title bar state: overlay mode, drag disabled, window buttons hidden, title bar hidden
[2019.11.19-22.52.54:979][  0]LogSlate: Updating window title bar state: overlay mode, drag disabled, window buttons hidden, title bar hidden
[2019.11.19-22.52.54:989][  0]LogSlate: Updating window title bar state: overlay mode, drag disabled, window buttons hidden, title bar hidden
[2019.11.19-22.52.55:015][  0]LogCollectionManager: Loaded 0 collections in 0.003386 seconds
[2019.11.19-22.52.55:053][  0]LogFileCache: Scanning file cache for directory 'C:/Users/luisc/Desktop/Extensions/HSG-Tool/HSG/Saved/Collections/' took 0.00s
[2019.11.19-22.52.55:053][  0]LogFileCache: Scanning file cache for directory 'C:/Users/luisc/Desktop/Extensions/HSG-Tool/HSG/Content/Developers/luisc/Collections/' took 0.00s
[2019.11.19-22.52.55:053][  0]LogFileCache: Scanning file cache for directory 'C:/Users/luisc/Desktop/Extensions/HSG-Tool/HSG/Content/Collections/' took 0.00s
[2019.11.19-22.52.55:053][  0]LogCollectionManager: Rebuilt the GUID cache for 0 collections in 0.000004 seconds
[2019.11.19-22.52.55:081][  0]LogContentBrowser: Native class hierarchy populated in 0.0211 seconds. Added 2865 classes and 682 folders.
[2019.11.19-22.52.55:113][  0]LogContentBrowser: Native class hierarchy updated for 'WidgetCarousel' in 0.0009 seconds. Added 0 classes and 0 folders.
[2019.11.19-22.52.55:506][  0]LogContentBrowser: Native class hierarchy updated for 'AddContentDialog' in 0.0005 seconds. Added 0 classes and 0 folders.
[2019.11.19-22.52.55:542][  0]LogContentBrowser: Native class hierarchy updated for 'SceneOutliner' in 0.0006 seconds. Added 1 classes and 2 folders.
[2019.11.19-22.52.55:660][  0]LogSlate: Took 0.001610 seconds to synchronously load lazily loaded font '../../../Engine/Content/Slate/Fonts/Roboto-Bold.ttf' (160K)
[2019.11.19-22.52.55:672][  0]LogSlate: Took 0.001206 seconds to synchronously load lazily loaded font '../../../Engine/Content/Editor/Slate/Fonts/FontAwesome.ttf' (139K)
[2019.11.19-22.52.55:783][  0]LogRenderer: Reallocating scene render targets to support 964x496 Format 9 NumSamples 1 (Frame:1).
[2019.11.19-22.52.56:055][  0]LogSlate: Took 0.001552 seconds to synchronously load lazily loaded font '../../../Engine/Content/Slate/Fonts/Roboto-Light.ttf' (167K)
[2019.11.19-22.52.56:106][  0]LogContentBrowser: Native class hierarchy updated for 'HierarchicalLODOutliner' in 0.0005 seconds. Added 0 classes and 0 folders.
[2019.11.19-22.52.56:106][  0]LogLoad: (Engine Initialization) Total time: 29.58 seconds
[2019.11.19-22.52.56:106][  0]LogLoad: (Engine Initialization) Total Blueprint compile time: 0.01 seconds
[2019.11.19-22.52.56:170][  0]LogContentStreaming: Texture pool size now 400 MB
[2019.11.19-22.52.56:749][  3]LogAssetRegistry: Asset discovery search completed in 17.5725 seconds
[2019.11.19-22.52.56:755][  3]LogCollectionManager: Rebuilt the object cache for 0 collections in 0.000007 seconds (found 0 objects)
[2019.11.19-22.52.56:755][  3]LogCollectionManager: Fixed up redirectors for 0 collections in 0.000117 seconds (updated 0 objects)
[2019.11.19-22.53.56:425][293]LogEditorSessionSummary: EditorSessionSummary sent report. Type=Shutdown, SessionId={28D08607-4034-B1A0-6A1E-AB95EF954E06}
[2019.11.19-22.54.02:520][347]LogSlate: FSceneViewport::OnFocusLost() reason 0
[2019.11.19-22.54.02:743][357]LogSlate: Took 0.000373 seconds to synchronously load lazily loaded font '../../../Engine/Content/Slate/Fonts/Roboto-Light.ttf' (167K)
[2019.11.19-22.54.02:774][357]LogAssetEditorManager: Opening Asset editor for Class /Script/HSG.Planet
[2019.11.19-22.55.45:811][480]LogWindowsTextInputMethodSystem: Display: IME system now deactivated.
[2019.11.19-22.55.45:811][480]LogWindowsTextInputMethodSystem: Display: IME system now deactivated.
[2019.11.19-22.57.50:763][ 42]LogHotReload: New module detected: UE4Editor-HSG-0008.dll
[2019.11.19-22.57.59:799][ 66]LogHotReload: Starting Hot-Reload from IDE
[2019.11.19-22.58.00:127][ 66]LogUObjectHash: Compacting FUObjectHashTables data took   1.89ms
[2019.11.19-22.58.00:260][ 66]LogClass: Mesh HotReload.
[2019.11.19-22.58.00:260][ 66]LogClass: Triangle HotReload.
[2019.11.19-22.58.00:284][ 66]LogContentBrowser: Native class hierarchy updated for 'HSG' in 0.0038 seconds. Added 2 classes and 2 folders.
[2019.11.19-22.58.00:294][ 66]Display: HotReload successful (0 functions remapped  2 scriptstructs remapped)
[2019.11.19-22.58.00:649][ 66]LogUObjectHash: Compacting FUObjectHashTables data took   3.34ms
[2019.11.19-22.58.00:702][ 66]LogContentBrowser: Native class hierarchy populated in 0.0306 seconds. Added 2866 classes and 684 folders.
[2019.11.19-22.58.00:751][ 66]Display: HotReload took  1.0s.
[2019.11.19-22.58.12:351][138]LogEditor: Attempting to add actor of class 'Planet' to level at -500.00,-340.00,20.00
[2019.11.19-22.58.13:210][152]LogEditor: Attempting to add actor of class 'Planet' to level at -260.00,-360.00,20.00
[2019.11.19-22.58.20:217][335]LogSlate: FSceneViewport::OnFocusLost() reason 0
[2019.11.19-23.00.24:676][132]LogHotReload: New module detected: UE4Editor-HSG-0009.dll
[2019.11.19-23.00.27:124][140]LogHotReload: Starting Hot-Reload from IDE
[2019.11.19-23.00.27:243][140]LogUObjectHash: Compacting FUObjectHashTables data took   4.35ms
[2019.11.19-23.00.27:284][140]LogClass: Mesh HotReload.
[2019.11.19-23.00.27:284][140]LogClass: Triangle HotReload.
[2019.11.19-23.00.27:289][140]LogContentBrowser: Native class hierarchy updated for 'HSG' in 0.0007 seconds. Added 2 classes and 2 folders.
[2019.11.19-23.00.27:297][140]Display: HotReload successful (0 functions remapped  2 scriptstructs remapped)
[2019.11.19-23.00.27:443][140]LogUObjectHash: Compacting FUObjectHashTables data took   2.56ms
[2019.11.19-23.00.27:471][140]LogContentBrowser: Native class hierarchy populated in 0.0192 seconds. Added 2866 classes and 684 folders.
[2019.11.19-23.00.27:476][140]Display: HotReload took  0.4s.
[2019.11.19-23.02.58:966][869]LogUObjectHash: Compacting FUObjectHashTables data took   1.31ms
[2019.11.19-23.02.58:980][869]Cmd: OBJ SAVEPACKAGE PACKAGE="/Temp/Untitled_1" FILE="../../../../../../Users/luisc/Desktop/Extensions/HSG-Tool/HSG/Saved/Autosaves/Temp/Untitled_1_Auto1.umap" SILENT=true AUTOSAVING=true KEEPDIRTY=false
[2019.11.19-23.03.00:837][869]LogSavePackage: Moving '../../../../../../Users/luisc/Desktop/Extensions/HSG-Tool/HSG/Saved/Untitled_1_Auto136EDF2D54AC5ADD2EF4980ACA1F40E05.tmp' to '../../../../../../Users/luisc/Desktop/Extensions/HSG-Tool/HSG/Saved/Autosaves/Temp/Untitled_1_Auto1.umap'
[2019.11.19-23.03.00:923][869]LogFileHelpers: Editor autosave (incl. sublevels) for '/Temp/Untitled_1' took 1.996
[2019.11.19-23.03.00:923][869]LogFileHelpers: Editor autosave (incl. sublevels) for all levels took 1.996
[2019.11.19-23.07.59:208][789]LogHotReload: New module detected: UE4Editor-HSG-0010.dll
[2019.11.19-23.08.00:775][794]LogHotReload: Starting Hot-Reload from IDE
[2019.11.19-23.08.00:866][794]LogUObjectHash: Compacting FUObjectHashTables data took  10.36ms
[2019.11.19-23.08.00:909][794]LogClass: Mesh HotReload.
[2019.11.19-23.08.00:909][794]LogClass: Triangle HotReload.
[2019.11.19-23.08.00:917][794]LogContentBrowser: Native class hierarchy updated for 'HSG' in 0.0019 seconds. Added 2 classes and 2 folders.
[2019.11.19-23.08.00:921][794]Display: HotReload successful (0 functions remapped  2 scriptstructs remapped)
[2019.11.19-23.08.01:075][794]LogUObjectHash: Compacting FUObjectHashTables data took   2.96ms
[2019.11.19-23.08.01:111][794]LogContentBrowser: Native class hierarchy populated in 0.0231 seconds. Added 2866 classes and 684 folders.
[2019.11.19-23.08.01:117][794]Display: HotReload took  0.3s.
[2019.11.19-23.11.13:584][ 67]LogEditorViewport: Clicking on Actor (LMB): StaticMeshActor (Floor)
[2019.11.19-23.13.00:612][880]LogSlate: FSceneViewport::OnFocusLost() reason 5
[2019.11.19-23.13.00:801][880]LogUObjectHash: Compacting FUObjectHashTables data took   2.27ms
[2019.11.19-23.13.00:804][880]Cmd: OBJ SAVEPACKAGE PACKAGE="/Temp/Untitled_1" FILE="../../../../../../Users/luisc/Desktop/Extensions/HSG-Tool/HSG/Saved/Autosaves/Temp/Untitled_1_Auto2.umap" SILENT=true AUTOSAVING=true KEEPDIRTY=false
[2019.11.19-23.13.01:303][880]LogSavePackage: Moving '../../../../../../Users/luisc/Desktop/Extensions/HSG-Tool/HSG/Saved/Untitled_1_Auto292B69F524F3F0EC97C85DF89DC881C32.tmp' to '../../../../../../Users/luisc/Desktop/Extensions/HSG-Tool/HSG/Saved/Autosaves/Temp/Untitled_1_Auto2.umap'
[2019.11.19-23.13.01:322][880]LogFileHelpers: Editor autosave (incl. sublevels) for '/Temp/Untitled_1' took 0.596
[2019.11.19-23.13.01:322][880]LogFileHelpers: Editor autosave (incl. sublevels) for all levels took 0.596
[2019.11.19-23.14.09:712][449]LogSlate: FSceneViewport::OnFocusLost() reason 0
[2019.11.19-23.49.37:681][ 49]LogD3D11RHI: Timed out while waiting for GPU to catch up. (0.5 s) (ErrorCode 00000001)
[2019.11.20-00.05.54:071][963]LogD3D11RHI: Timed out while waiting for GPU to catch up. (0.5 s) (ErrorCode 00000001)
[2019.11.20-00.08.33:730][440]LogD3D11RHI: Timed out while waiting for GPU to catch up. (0.5 s) (ErrorCode 00000001)
[2019.11.20-00.09.29:633][607]LogD3D11RHI: Timed out while waiting for GPU to catch up. (0.5 s) (ErrorCode 00000001)
[2019.11.20-00.22.00:540][851]LogD3D11RHI: Timed out while waiting for GPU to catch up. (0.5 s) (ErrorCode 00000001)
[2019.11.20-00.23.03:498][ 39]LogD3D11RHI: Timed out while waiting for GPU to catch up. (0.5 s) (ErrorCode 00000001)
[2019.11.20-00.40.01:999][ 82]LogD3D11RHI: Timed out while waiting for GPU to catch up. (0.5 s) (ErrorCode 00000001)
[2019.11.20-00.43.10:010][644]LogD3D11RHI: Timed out while waiting for GPU to catch up. (0.5 s) (ErrorCode 00000001)
[2019.11.20-00.43.33:083][713]LogD3D11RHI: Timed out while waiting for GPU to catch up. (0.5 s) (ErrorCode 00000001)
[2019.11.20-00.48.11:507][545]LogD3D11RHI: Timed out while waiting for GPU to catch up. (0.5 s) (ErrorCode 00000001)
[2019.11.20-00.59.38:339][596]LogD3D11RHI: Timed out while waiting for GPU to catch up. (0.5 s) (ErrorCode 00000001)
[2019.11.20-01.06.48:068][880]LogD3D11RHI: Timed out while waiting for GPU to catch up. (0.5 s) (ErrorCode 00000001)
[2019.11.20-01.18.21:806][953]LogD3D11RHI: Timed out while waiting for GPU to catch up. (0.5 s) (ErrorCode 00000001)
[2019.11.20-01.27.51:121][654]LogD3D11RHI: Timed out while waiting for GPU to catch up. (0.5 s) (ErrorCode 00000001)
[2019.11.20-01.30.17:419][ 91]LogD3D11RHI: Timed out while waiting for GPU to catch up. (0.5 s) (ErrorCode 00000001)
[2019.11.20-01.30.51:260][192]LogD3D11RHI: Timed out while waiting for GPU to catch up. (0.5 s) (ErrorCode 00000001)
[2019.11.20-01.45.04:931][743]LogD3D11RHI: Timed out while waiting for GPU to catch up. (0.5 s) (ErrorCode 00000001)
[2019.11.20-01.54.38:695][457]LogD3D11RHI: Timed out while waiting for GPU to catch up. (0.5 s) (ErrorCode 00000001)
[2019.11.20-02.03.52:572][111]LogD3D11RHI: Timed out while waiting for GPU to catch up. (0.5 s) (ErrorCode 00000001)
[2019.11.20-02.08.37:870][964]LogD3D11RHI: Timed out while waiting for GPU to catch up. (0.5 s) (ErrorCode 00000001)
[2019.11.20-02.16.12:995][324]LogD3D11RHI: Timed out while waiting for GPU to catch up. (0.5 s) (ErrorCode 00000001)
[2019.11.20-02.23.30:358][631]LogD3D11RHI: Timed out while waiting for GPU to catch up. (0.5 s) (ErrorCode 00000001)
[2019.11.20-02.24.36:598][829]LogD3D11RHI: Timed out while waiting for GPU to catch up. (0.5 s) (ErrorCode 00000001)
[2019.11.20-02.28.39:504][555]LogD3D11RHI: Timed out while waiting for GPU to catch up. (0.5 s) (ErrorCode 00000001)
[2019.11.20-02.49.10:590][233]LogD3D11RHI: Timed out while waiting for GPU to catch up. (0.5 s) (ErrorCode 00000001)
[2019.11.20-02.49.53:782][362]LogD3D11RHI: Timed out while waiting for GPU to catch up. (0.5 s) (ErrorCode 00000001)
[2019.11.20-02.56.18:252][510]LogD3D11RHI: Timed out while waiting for GPU to catch up. (0.5 s) (ErrorCode 00000001)
[2019.11.20-02.57.25:876][712]LogD3D11RHI: Timed out while waiting for GPU to catch up. (0.5 s) (ErrorCode 00000001)
[2019.11.20-03.05.38:648][184]LogD3D11RHI: Timed out while waiting for GPU to catch up. (0.5 s) (ErrorCode 00000001)
[2019.11.20-03.07.12:718][465]LogD3D11RHI: Timed out while waiting for GPU to catch up. (0.5 s) (ErrorCode 00000001)
[2019.11.20-11.42.27:273][801]LogHttp: Warning: 000001E509EC4400: invalid HTTP response code received. URL: https://datarouter.ol.epicgames.com/datarouter/api/v1/public/data?SessionID=%7B0D07F539-40CE-C252-D13C-709F39C86A02%7D&AppID=UEEditor.Rocket.Release&AppVersion=4.23.1-9631420%2B%2B%2BUE4%2BRelease-4.23&UserID=05fd7af143ebf0e523929da7e8846396%7C0afb6d5b5cfa4ae0808313b3e6c60278%7C11a72306-1108-4d27-b9ad-84b696e299be&AppEnvironment=datacollector-binary&UploadType=eteventstream, HTTP code: 0, content length: -1, actual payload size: 0
[2019.11.20-11.42.27:274][801]LogHttp: Warning: 000001E509EC4400: request failed, libcurl error: 56 (Failure when receiving data from the peer)
[2019.11.20-11.42.27:275][801]LogHttp: Warning: 000001E509EC4400: libcurl info message cache 0 (Found bundle for host datarouter.ol.epicgames.com: 0x1e54d46ff70 [can pipeline])
[2019.11.20-11.42.27:275][801]LogHttp: Warning: 000001E509EC4400: libcurl info message cache 1 (Re-using existing connection! (#114) with host datarouter.ol.epicgames.com)
[2019.11.20-11.42.27:275][801]LogHttp: Warning: 000001E509EC4400: libcurl info message cache 2 (Connected to datarouter.ol.epicgames.com (107.21.3.123) port 443 (#114))
[2019.11.20-11.42.27:275][801]LogHttp: Warning: 000001E509EC4400: libcurl info message cache 3 (We are completely uploaded and fine)
[2019.11.20-11.42.27:275][801]LogHttp: Warning: 000001E509EC4400: libcurl info message cache 4 (OpenSSL SSL_read: SSL_ERROR_SYSCALL, errno 10054)
[2019.11.20-11.42.27:275][801]LogHttp: Warning: 000001E509EC4400: libcurl info message cache 5 (Connection died, retrying a fresh connect)
[2019.11.20-11.42.27:275][801]LogHttp: Warning: 000001E509EC4400: libcurl info message cache 6 (necessary data rewind wasn't possible)
[2019.11.20-11.42.27:275][801]LogHttp: Warning: 000001E509EC4400: libcurl info message cache 7 (Closing connection 114)
[2019.11.20-11.42.27:734][801]LogRenderer: Reallocating scene render targets to support 964x524 Format 9 NumSamples 1 (Frame:10507).
[2019.11.20-11.42.29:183][802]LogHttp: Warning: Retry exhausted on https://datarouter.ol.epicgames.com/datarouter/api/v1/public/data?SessionID=%7B0D07F539-40CE-C252-D13C-709F39C86A02%7D&AppID=UEEditor.Rocket.Release&AppVersion=4.23.1-9631420%2B%2B%2BUE4%2BRelease-4.23&UserID=05fd7af143ebf0e523929da7e8846396%7C0afb6d5b5cfa4ae0808313b3e6c60278%7C11a72306-1108-4d27-b9ad-84b696e299be&AppEnvironment=datacollector-binary&UploadType=eteventstream
